<?xml version="1.0" encoding="UTF-8"?>
<!-- Generated by org.testng.reporters.JUnitReportReporter -->
<testsuite hostname="DESKTOP-MU98D3M" failures="0" tests="3" name="practise.CreateOrg" time="0.035" errors="0" timestamp="2022-01-18T12:06:45 IST" skipped="0">
  <testcase classname="practise.CreateOrg" name="org" time="0.016"/>
  <system-out/>
  <testcase classname="practise.CreateOrg" name="contact" time="0.009"/>
  <system-out/>
  <testcase classname="practise.CreateOrg" name="product" time="0.010"/>
  <system-out/>
</testsuite> <!-- practise.CreateOrg -->
